c:\workspace\occviewer\occviewer\x64\debug\vc143.pdb
c:\workspace\occviewer\occviewer\x64\debug\vc143.idb
c:\workspace\occviewer\occviewer\x64\debug\occviewerview.obj
c:\workspace\occviewer\occviewer\x64\debug\occviewerdoc.obj
c:\workspace\occviewer\occviewer\x64\debug\occviewer.obj
c:\workspace\occviewer\occviewer\x64\debug\mainfrm.obj
c:\workspace\occviewer\occviewer\x64\debug\occviewer.pch
c:\workspace\occviewer\occviewer\x64\debug\pch.obj
c:\workspace\occviewer\x64\debug\occviewer.exe
c:\workspace\occviewer\occviewer\x64\debug\occviewer.ilk
c:\workspace\occviewer\x64\debug\occviewer.pdb
c:\workspace\occviewer\x64\debug\occviewer.lib
c:\workspace\occviewer\x64\debug\occviewer.exp
c:\workspace\occviewer\occviewer\x64\debug\occviewer.res
c:\workspace\occviewer\occviewer\x64\debug\occviewer.tlog\cl.command.1.tlog
c:\workspace\occviewer\occviewer\x64\debug\occviewer.tlog\cl.read.1.tlog
c:\workspace\occviewer\occviewer\x64\debug\occviewer.tlog\cl.write.1.tlog
c:\workspace\occviewer\occviewer\x64\debug\occviewer.tlog\link.command.1.tlog
c:\workspace\occviewer\occviewer\x64\debug\occviewer.tlog\link.read.1.tlog
c:\workspace\occviewer\occviewer\x64\debug\occviewer.tlog\link.write.1.tlog
c:\workspace\occviewer\occviewer\x64\debug\occviewer.tlog\occviewer.write.1u.tlog
c:\workspace\occviewer\occviewer\x64\debug\occviewer.tlog\rc.command.1.tlog
c:\workspace\occviewer\occviewer\x64\debug\occviewer.tlog\rc.read.1.tlog
c:\workspace\occviewer\occviewer\x64\debug\occviewer.tlog\rc.write.1.tlog
